<?xml version="1.0" encoding="UTF-8"?>
<!-- Generated by org.testng.reporters.JUnitReportReporter -->
<testsuite skipped="0" hostname="MSI" name="springrest.api.controller.UserControllerTest" tests="5" failures="0" timestamp="26 十月 2018 05:52:02 GMT" time="0.153" errors="0">
  <testcase name="addUserFail" time="0.002" classname="springrest.api.controller.UserControllerTest"/>
  <testcase name="getUsers2" time="0.033" classname="springrest.api.controller.UserControllerTest"/>
  <testcase name="getUsers" time="0.032" classname="springrest.api.controller.UserControllerTest"/>
  <testcase name="getUser" time="0.017" classname="springrest.api.controller.UserControllerTest"/>
  <testcase name="addUserPass" time="0.069" classname="springrest.api.controller.UserControllerTest"/>
</testsuite> <!-- springrest.api.controller.UserControllerTest -->
