<?xml version="1.0" encoding="UTF-8"?>
<!-- Generated by org.testng.reporters.JUnitReportReporter -->
<testsuite skipped="0" hostname="MSI" name="springrest.api.controller.ProgramControllerTest" tests="7" failures="0" timestamp="25 十月 2018 09:48:37 GMT" time="0.630" errors="0">
  <testcase name="getProgram" time="0.082" classname="springrest.api.controller.ProgramControllerTest"/>
  <testcase name="getPrograms2" time="0.043" classname="springrest.api.controller.ProgramControllerTest"/>
  <testcase name="addProgramPass" time="0.202" classname="springrest.api.controller.ProgramControllerTest"/>
  <testcase name="editProgramPass" time="0.026" classname="springrest.api.controller.ProgramControllerTest"/>
  <testcase name="getPrograms" time="0.129" classname="springrest.api.controller.ProgramControllerTest"/>
  <testcase name="addProgramFail" time="0.136" classname="springrest.api.controller.ProgramControllerTest"/>
  <testcase name="editProgramFail" time="0.012" classname="springrest.api.controller.ProgramControllerTest"/>
</testsuite> <!-- springrest.api.controller.ProgramControllerTest -->
