<?xml version="1.0" encoding="UTF-8"?>
<!-- Generated by org.testng.reporters.JUnitReportReporter -->
<testsuite skipped="0" hostname="MSI" name="springrest.api.controller.EventControllerTest" tests="10" failures="0" timestamp="26 十月 2018 05:52:02 GMT" time="0.790" errors="0">
  <testcase name="addEventAttendeeFail" time="0.219" classname="springrest.api.controller.EventControllerTest"/>
  <testcase name="approveEventFail" time="0.020" classname="springrest.api.controller.EventControllerTest"/>
  <testcase name="addEventAttendeePass" time="0.094" classname="springrest.api.controller.EventControllerTest"/>
  <testcase name="approveEventPass" time="0.016" classname="springrest.api.controller.EventControllerTest"/>
  <testcase name="getEventAttendee2" time="0.022" classname="springrest.api.controller.EventControllerTest"/>
  <testcase name="addEventFail" time="0.015" classname="springrest.api.controller.EventControllerTest"/>
  <testcase name="getEvents" time="0.126" classname="springrest.api.controller.EventControllerTest"/>
  <testcase name="addEventPass" time="0.094" classname="springrest.api.controller.EventControllerTest"/>
  <testcase name="getEvent" time="0.075" classname="springrest.api.controller.EventControllerTest"/>
  <testcase name="getEvents2" time="0.109" classname="springrest.api.controller.EventControllerTest"/>
</testsuite> <!-- springrest.api.controller.EventControllerTest -->
