<?xml version="1.0" encoding="UTF-8"?>
<!-- Generated by org.testng.reporters.JUnitReportReporter -->
<testsuite skipped="0" hostname="MSI" name="springrest.api.controller.ProgramControllerTest" tests="8" failures="0" timestamp="26 十月 2018 05:52:02 GMT" time="0.272" errors="0">
  <testcase name="editProgramFail" time="0.077" classname="springrest.api.controller.ProgramControllerTest"/>
  <testcase name="addProgramPass" time="0.053" classname="springrest.api.controller.ProgramControllerTest"/>
  <testcase name="getPrograms2" time="0.000" classname="springrest.api.controller.ProgramControllerTest"/>
  <testcase name="addProgramFail" time="0.095" classname="springrest.api.controller.ProgramControllerTest"/>
  <testcase name="deleteProgram" time="0.031" classname="springrest.api.controller.ProgramControllerTest"/>
  <testcase name="getProgram" time="0.000" classname="springrest.api.controller.ProgramControllerTest"/>
  <testcase name="editProgramPass" time="0.000" classname="springrest.api.controller.ProgramControllerTest"/>
  <testcase name="getPrograms" time="0.016" classname="springrest.api.controller.ProgramControllerTest"/>
</testsuite> <!-- springrest.api.controller.ProgramControllerTest -->
